0 info it worked if it ends with ok
1 verbose cli [ '/usr/local/Cellar/node/7.5.0/bin/node',
1 verbose cli   '/usr/local/bin/npm',
1 verbose cli   'start' ]
2 info using npm@4.1.2
3 info using node@v7.5.0
4 verbose run-script [ 'prestart', 'start', 'poststart' ]
5 info lifecycle timestamp-api@1.0.0~prestart: timestamp-api@1.0.0
6 silly lifecycle timestamp-api@1.0.0~prestart: no script for prestart, continuing
7 info lifecycle timestamp-api@1.0.0~start: timestamp-api@1.0.0
8 verbose lifecycle timestamp-api@1.0.0~start: unsafe-perm in lifecycle true
9 verbose lifecycle timestamp-api@1.0.0~start: PATH: /usr/local/lib/node_modules/npm/bin/node-gyp-bin:/Users/mcmyler/Documents/Programming/Javascript/timestamp-api/node_modules/.bin:/Users/mcmyler/.rbenv/shims:/usr/local/heroku/bin:/usr/local/bin:/Users/mcmyler/Library/texmf:/Users/mcmyler/Library/texlive:/usr/bin:/bin:/usr/sbin:/sbin:/usr/local/bin:/opt/X11/bin:/Library/TeX/texbin:/Users/mcmyler/bin:/usr/local/bin:/usr/bin:/bin:/usr/sbin:/sbin:/opt/X11/bin:/Library/TeX/texbin:./node_modules/.bin:/Users/mcmyler/.rvm/bin
10 verbose lifecycle timestamp-api@1.0.0~start: CWD: /Users/mcmyler/Documents/Programming/Javascript/timestamp-api
11 silly lifecycle timestamp-api@1.0.0~start: Args: [ '-c', 'server.js' ]
12 info lifecycle timestamp-api@1.0.0~start: Failed to exec start script
13 verbose stack Error: timestamp-api@1.0.0 start: `server.js`
13 verbose stack spawn ENOENT
13 verbose stack     at ChildProcess.<anonymous> (/usr/local/lib/node_modules/npm/lib/utils/spawn.js:33:16)
13 verbose stack     at emitTwo (events.js:106:13)
13 verbose stack     at ChildProcess.emit (events.js:192:7)
13 verbose stack     at maybeClose (internal/child_process.js:890:16)
13 verbose stack     at Process.ChildProcess._handle.onexit (internal/child_process.js:226:5)
14 verbose pkgid timestamp-api@1.0.0
15 verbose cwd /Users/mcmyler/Documents/Programming/Javascript/timestamp-api
16 error Darwin 16.4.0
17 error argv "/usr/local/Cellar/node/7.5.0/bin/node" "/usr/local/bin/npm" "start"
18 error node v7.5.0
19 error npm  v4.1.2
20 error file sh
21 error code ELIFECYCLE
22 error errno ENOENT
23 error syscall spawn
24 error timestamp-api@1.0.0 start: `server.js`
24 error spawn ENOENT
25 error Failed at the timestamp-api@1.0.0 start script 'server.js'.
25 error Make sure you have the latest version of node.js and npm installed.
25 error If you do, this is most likely a problem with the timestamp-api package,
25 error not with npm itself.
25 error Tell the author that this fails on your system:
25 error     server.js
25 error You can get information on how to open an issue for this project with:
25 error     npm bugs timestamp-api
25 error Or if that isn't available, you can get their info via:
25 error     npm owner ls timestamp-api
25 error There is likely additional logging output above.
26 verbose exit [ 1, true ]
